running egg_info
creating ../../build/talker/talker.egg-info
writing ../../build/talker/talker.egg-info/PKG-INFO
writing dependency_links to ../../build/talker/talker.egg-info/dependency_links.txt
writing requirements to ../../build/talker/talker.egg-info/requires.txt
writing top-level names to ../../build/talker/talker.egg-info/top_level.txt
writing manifest file '../../build/talker/talker.egg-info/SOURCES.txt'
reading manifest file '../../build/talker/talker.egg-info/SOURCES.txt'
writing manifest file '../../build/talker/talker.egg-info/SOURCES.txt'
running build
running build_py
creating /home/user/ros2_ws/build/talker/build/lib/talker
copying talker/__init__.py -> /home/user/ros2_ws/build/talker/build/lib/talker
running install
running install_lib
creating /home/user/ros2_ws/install/talker/lib/python3.10/site-packages/talker
copying /home/user/ros2_ws/build/talker/build/lib/talker/__init__.py -> /home/user/ros2_ws/install/talker/lib/python3.10/site-packages/talker
byte-compiling /home/user/ros2_ws/install/talker/lib/python3.10/site-packages/talker/__init__.py to __init__.cpython-310.pyc
running install_data
creating /home/user/ros2_ws/install/talker/share/ament_index/resource_index/packages
copying resource/talker -> /home/user/ros2_ws/install/talker/share/ament_index/resource_index/packages
copying package.xml -> /home/user/ros2_ws/install/talker/share/talker
running install_egg_info
Copying ../../build/talker/talker.egg-info to /home/user/ros2_ws/install/talker/lib/python3.10/site-packages/talker-0.0.0-py3.10.egg-info
running install_scripts
writing list of installed files to '/home/user/ros2_ws/build/talker/install.log'
