[0.656s] Invoking command in '/home/user/ros2_ws/src/talker': PYTHONPATH=/home/user/ros2_ws/build/talker/prefix_override:/usr/lib/python3/dist-packages/colcon_core/task/python/colcon_distutils_commands:/home/user/ros2_ws/install/talker/lib/python3.10/site-packages:${PYTHONPATH} /usr/bin/python3 -W ignore:setup.py install is deprecated -W ignore:easy_install command is deprecated setup.py egg_info --egg-base ../../build/talker build --build-base /home/user/ros2_ws/build/talker/build install --record /home/user/ros2_ws/build/talker/install.log --single-version-externally-managed install_data
[0.751s] /home/user/.local/lib/python3.10/site-packages/setuptools/_distutils/dist.py:289: UserWarning: Unknown distribution option: 'tests_require'
[0.751s]   warnings.warn(msg)
[0.817s] running egg_info
[0.827s] creating ../../build/talker/talker.egg-info
[0.827s] writing ../../build/talker/talker.egg-info/PKG-INFO
[0.828s] writing dependency_links to ../../build/talker/talker.egg-info/dependency_links.txt
[0.828s] writing requirements to ../../build/talker/talker.egg-info/requires.txt
[0.828s] writing top-level names to ../../build/talker/talker.egg-info/top_level.txt
[0.828s] writing manifest file '../../build/talker/talker.egg-info/SOURCES.txt'
[0.851s] reading manifest file '../../build/talker/talker.egg-info/SOURCES.txt'
[0.851s] writing manifest file '../../build/talker/talker.egg-info/SOURCES.txt'
[0.851s] running build
[0.851s] running build_py
[0.851s] creating /home/user/ros2_ws/build/talker/build/lib/talker
[0.851s] copying talker/__init__.py -> /home/user/ros2_ws/build/talker/build/lib/talker
[0.851s] running install
[0.854s] running install_lib
[0.865s] creating /home/user/ros2_ws/install/talker/lib/python3.10/site-packages/talker
[0.865s] copying /home/user/ros2_ws/build/talker/build/lib/talker/__init__.py -> /home/user/ros2_ws/install/talker/lib/python3.10/site-packages/talker
[0.866s] byte-compiling /home/user/ros2_ws/install/talker/lib/python3.10/site-packages/talker/__init__.py to __init__.cpython-310.pyc
[0.866s] running install_data
[0.866s] creating /home/user/ros2_ws/install/talker/share/ament_index/resource_index/packages
[0.866s] copying resource/talker -> /home/user/ros2_ws/install/talker/share/ament_index/resource_index/packages
[0.866s] copying package.xml -> /home/user/ros2_ws/install/talker/share/talker
[0.866s] running install_egg_info
[0.878s] Copying ../../build/talker/talker.egg-info to /home/user/ros2_ws/install/talker/lib/python3.10/site-packages/talker-0.0.0-py3.10.egg-info
[0.878s] running install_scripts
[0.900s] writing list of installed files to '/home/user/ros2_ws/build/talker/install.log'
[0.914s] Invoked command in '/home/user/ros2_ws/src/talker' returned '0': PYTHONPATH=/home/user/ros2_ws/build/talker/prefix_override:/usr/lib/python3/dist-packages/colcon_core/task/python/colcon_distutils_commands:/home/user/ros2_ws/install/talker/lib/python3.10/site-packages:${PYTHONPATH} /usr/bin/python3 -W ignore:setup.py install is deprecated -W ignore:easy_install command is deprecated setup.py egg_info --egg-base ../../build/talker build --build-base /home/user/ros2_ws/build/talker/build install --record /home/user/ros2_ws/build/talker/install.log --single-version-externally-managed install_data
