running egg_info
creating ../../build/listener/listener.egg-info
writing ../../build/listener/listener.egg-info/PKG-INFO
writing dependency_links to ../../build/listener/listener.egg-info/dependency_links.txt
writing requirements to ../../build/listener/listener.egg-info/requires.txt
writing top-level names to ../../build/listener/listener.egg-info/top_level.txt
writing manifest file '../../build/listener/listener.egg-info/SOURCES.txt'
reading manifest file '../../build/listener/listener.egg-info/SOURCES.txt'
writing manifest file '../../build/listener/listener.egg-info/SOURCES.txt'
running build
running build_py
creating /home/user/ros2_ws/build/listener/build/lib/listener
copying listener/__init__.py -> /home/user/ros2_ws/build/listener/build/lib/listener
running install
running install_lib
creating /home/user/ros2_ws/install/listener/lib/python3.10/site-packages/listener
copying /home/user/ros2_ws/build/listener/build/lib/listener/__init__.py -> /home/user/ros2_ws/install/listener/lib/python3.10/site-packages/listener
byte-compiling /home/user/ros2_ws/install/listener/lib/python3.10/site-packages/listener/__init__.py to __init__.cpython-310.pyc
running install_data
creating /home/user/ros2_ws/install/listener/share/ament_index/resource_index/packages
copying resource/listener -> /home/user/ros2_ws/install/listener/share/ament_index/resource_index/packages
copying package.xml -> /home/user/ros2_ws/install/listener/share/listener
running install_egg_info
Copying ../../build/listener/listener.egg-info to /home/user/ros2_ws/install/listener/lib/python3.10/site-packages/listener-0.0.0-py3.10.egg-info
running install_scripts
writing list of installed files to '/home/user/ros2_ws/build/listener/install.log'
