[0.664s] Invoking command in '/home/user/ros2_ws/src/listener': PYTHONPATH=/home/user/ros2_ws/build/listener/prefix_override:/usr/lib/python3/dist-packages/colcon_core/task/python/colcon_distutils_commands:/home/user/ros2_ws/install/listener/lib/python3.10/site-packages:${PYTHONPATH} /usr/bin/python3 -W ignore:setup.py install is deprecated -W ignore:easy_install command is deprecated setup.py egg_info --egg-base ../../build/listener build --build-base /home/user/ros2_ws/build/listener/build install --record /home/user/ros2_ws/build/listener/install.log --single-version-externally-managed install_data
[0.757s] /home/user/.local/lib/python3.10/site-packages/setuptools/_distutils/dist.py:289: UserWarning: Unknown distribution option: 'tests_require'
[0.757s]   warnings.warn(msg)
[0.823s] running egg_info
[0.834s] creating ../../build/listener/listener.egg-info
[0.834s] writing ../../build/listener/listener.egg-info/PKG-INFO
[0.834s] writing dependency_links to ../../build/listener/listener.egg-info/dependency_links.txt
[0.834s] writing requirements to ../../build/listener/listener.egg-info/requires.txt
[0.834s] writing top-level names to ../../build/listener/listener.egg-info/top_level.txt
[0.834s] writing manifest file '../../build/listener/listener.egg-info/SOURCES.txt'
[0.857s] reading manifest file '../../build/listener/listener.egg-info/SOURCES.txt'
[0.858s] writing manifest file '../../build/listener/listener.egg-info/SOURCES.txt'
[0.858s] running build
[0.858s] running build_py
[0.858s] creating /home/user/ros2_ws/build/listener/build/lib/listener
[0.858s] copying listener/__init__.py -> /home/user/ros2_ws/build/listener/build/lib/listener
[0.858s] running install
[0.861s] running install_lib
[0.872s] creating /home/user/ros2_ws/install/listener/lib/python3.10/site-packages/listener
[0.872s] copying /home/user/ros2_ws/build/listener/build/lib/listener/__init__.py -> /home/user/ros2_ws/install/listener/lib/python3.10/site-packages/listener
[0.872s] byte-compiling /home/user/ros2_ws/install/listener/lib/python3.10/site-packages/listener/__init__.py to __init__.cpython-310.pyc
[0.872s] running install_data
[0.872s] creating /home/user/ros2_ws/install/listener/share/ament_index/resource_index/packages
[0.872s] copying resource/listener -> /home/user/ros2_ws/install/listener/share/ament_index/resource_index/packages
[0.872s] copying package.xml -> /home/user/ros2_ws/install/listener/share/listener
[0.873s] running install_egg_info
[0.884s] Copying ../../build/listener/listener.egg-info to /home/user/ros2_ws/install/listener/lib/python3.10/site-packages/listener-0.0.0-py3.10.egg-info
[0.885s] running install_scripts
[0.907s] writing list of installed files to '/home/user/ros2_ws/build/listener/install.log'
[0.927s] Invoked command in '/home/user/ros2_ws/src/listener' returned '0': PYTHONPATH=/home/user/ros2_ws/build/listener/prefix_override:/usr/lib/python3/dist-packages/colcon_core/task/python/colcon_distutils_commands:/home/user/ros2_ws/install/listener/lib/python3.10/site-packages:${PYTHONPATH} /usr/bin/python3 -W ignore:setup.py install is deprecated -W ignore:easy_install command is deprecated setup.py egg_info --egg-base ../../build/listener build --build-base /home/user/ros2_ws/build/listener/build install --record /home/user/ros2_ws/build/listener/install.log --single-version-externally-managed install_data
